<?xml version="1.0" encoding="UTF-8"?>
<!-- Generated by org.testng.reporters.JUnitXMLReporter -->
<testsuite hostname="DESKTOP-QUK0TPO" ignored="0" name="chrome-2" tests="7" failures="0" timestamp="2023-01-10T13:20:02 IST" time="0.065" errors="0">
  <testcase name="addToCart" time="0.01" classname="practice_package.ClassTestBatchPrll"/>
  <testcase name="closeBrowser" time="0.002" classname="practice_package.ClassTestBatchPrll"/>
  <testcase name="launchBrowser" time="0.001" classname="practice_package.ClassTestBatchPrll"/>
  <testcase name="logOut" time="0.001" classname="practice_package.ClassTestBatchPrll"/>
  <testcase name="login" time="0.002" classname="practice_package.ClassTestBatchPrll"/>
  <testcase name="openBrowser" time="0.001" classname="practice_package.ClassTestBatchPrll"/>
  <testcase name="searchProduct" time="0.001" classname="practice_package.ClassTestBatchPrll"/>
</testsuite> <!-- chrome-2 -->
