<?xml version="1.0" encoding="UTF-8"?>
<!-- Generated by org.testng.reporters.JUnitXMLReporter -->
<testsuite hostname="DESKTOP-QUK0TPO" ignored="0" name="chrome-1" tests="12" failures="0" timestamp="2023-01-10T13:20:02 IST" time="0.077" errors="0">
  <testcase name="addToCart" time="0.01" classname="practice_package.ClassTestBatchParrel"/>
  <testcase name="closeBrowser" time="0.001" classname="practice_package.ClassTestBatchParrel"/>
  <testcase name="launchBrowser" time="0.001" classname="practice_package.ClassTestBatchParrel"/>
  <testcase name="logOut" time="0.002" classname="practice_package.ClassTestBatchParrel"/>
  <testcase name="login" time="0.001" classname="practice_package.ClassTestBatchParrel"/>
  <testcase name="openBrowser" time="0.001" classname="practice_package.ClassTestBatchParrel"/>
  <testcase name="searchProduct" time="0.002" classname="practice_package.ClassTestBatchParrel"/>
  <testcase name="Test01" time="0.002" classname="practice_package.ClassTestPrrlBatch"/>
  <testcase name="Test02" time="0.001" classname="practice_package.ClassTestPrrlBatch"/>
  <testcase name="Test03" time="0.001" classname="practice_package.ClassTestPrrlBatch"/>
  <testcase name="Test04" time="0.001" classname="practice_package.ClassTestPrrlBatch"/>
  <testcase name="Test05" time="0.001" classname="practice_package.ClassTestPrrlBatch"/>
</testsuite> <!-- chrome-1 -->
