<?xml version="1.0" encoding="UTF-8"?>
<!-- Generated by org.testng.reporters.JUnitXMLReporter -->
<testsuite ignored="5" hostname="DESKTOP-QUK0TPO" failures="0" tests="3" name="Test" time="0.051" errors="0" timestamp="2023-01-17T07:44:56 IST">
  <testcase classname="practice_package.ClassTestBatchParrel" name="loseBrowser" time="0.007"/>
  <testcase classname="practice_package.ClassTestBatchParrel" name="closeBrowser" time="0.001"/>
  <testcase classname="practice_package.ClassTestBatchParrel" name="launchBrowser" time="0.001"/>
  <testcase classname="practice_package.ClassTestBatchParrel" name="logOut" time="0.0">
    <ignored/>
  </testcase> <!-- logOut -->
  <testcase classname="practice_package.ClassTestBatchParrel" name="openBrowser" time="0.0">
    <ignored/>
  </testcase> <!-- openBrowser -->
  <testcase classname="practice_package.ClassTestBatchParrel" name="login" time="0.0">
    <ignored/>
  </testcase> <!-- login -->
  <testcase classname="practice_package.ClassTestBatchParrel" name="searchProduct" time="0.0">
    <ignored/>
  </testcase> <!-- searchProduct -->
  <testcase classname="practice_package.ClassTestBatchParrel" name="addToCart" time="0.0">
    <ignored/>
  </testcase> <!-- addToCart -->
</testsuite> <!-- Test -->
