<?xml version="1.0" encoding="UTF-8"?>
<!-- Generated by org.testng.reporters.JUnitXMLReporter -->
<testsuite hostname="DESKTOP-QUK0TPO" ignored="0" name="Test2" tests="3" failures="1" timestamp="2023-01-16T04:18:16 IST" time="0.014" errors="0">
  <testcase name="t1_searchProduct" time="0.002" classname="practice_package.TestNGParamas2"/>
  <testcase name="t2_addToWishList" time="0.003" classname="practice_package.TestNGParamas2">
    <failure type="org.testng.internal.reflect.MethodMatcherException" message="
[public void practice_package.TestNGParamas2.t2_addToWishList(java.lang.String,java.lang.String,java.lang.String,java.lang.String)] has no parameters defined but was found to be using a data provider (either explicitly specified or inherited from class level annotation).
Data provider mismatch
Method: t2_addToWishList([Parameter{index=0, type=java.lang.String, declaredAnnotations=[@org.testng.annotations.Optional(value=Google pixel)]}, Parameter{index=1, type=java.lang.String, declaredAnnotations=[]}, Parameter{index=2, type=java.lang.String, declaredAnnotations=[]}, Parameter{index=3, type=java.lang.String, declaredAnnotations=[]}])
Arguments: [(java.lang.String) https://www.amazon.com,(java.lang.String) testAccount01,(java.lang.String) test@123]">
      <![CDATA[org.testng.internal.reflect.MethodMatcherException: 
[public void practice_package.TestNGParamas2.t2_addToWishList(java.lang.String,java.lang.String,java.lang.String,java.lang.String)] has no parameters defined but was found to be using a data provider (either explicitly specified or inherited from class level annotation).
Data provider mismatch
Arguments: [(java.lang.String) https://www.amazon.com,(java.lang.String) testAccount01,(java.lang.String) test@123]
at java.util.ArrayList.forEach(ArrayList.java:1257)
... Removed 23 stack frames]]>
    </failure>
  </testcase> <!-- t2_addToWishList -->
  <testcase name="t3_addToCart" time="0.001" classname="practice_package.TestNGParamas2"/>
</testsuite> <!-- Test2 -->
