<?xml version="1.0" encoding="UTF-8"?>
<testng-results ignored="5" total="8" passed="3" failed="0" skipped="0">
  <reporter-output>
    <line>
      <![CDATA[loseBrowser]]>
    </line>
    <line>
      <![CDATA[CloseBrowser]]>
    </line>
    <line>
      <![CDATA[LaunchBrowser]]>
    </line>
  </reporter-output>
  <suite started-at="2023-01-17T07:44:56 IST" name="Suite" finished-at="2023-01-17T07:44:56 IST" duration-ms="51">
    <groups>
    </groups>
    <test started-at="2023-01-17T07:44:56 IST" name="Test" finished-at="2023-01-17T07:44:56 IST" duration-ms="51">
      <class name="practice_package.ClassTestBatchParrel">
        <test-method signature="loseBrowser()[pri:0, instance:practice_package.ClassTestBatchParrel@22e357dc]" started-at="2023-01-17T07:44:56 IST" name="loseBrowser" finished-at="2023-01-17T07:44:56 IST" duration-ms="7" status="PASS">
          <reporter-output>
            <line>
              <![CDATA[loseBrowser]]>
            </line>
          </reporter-output>
        </test-method> <!-- loseBrowser -->
        <test-method signature="closeBrowser()[pri:0, instance:practice_package.ClassTestBatchParrel@22e357dc]" started-at="2023-01-17T07:44:56 IST" name="closeBrowser" finished-at="2023-01-17T07:44:56 IST" duration-ms="1" status="PASS">
          <reporter-output>
            <line>
              <![CDATA[CloseBrowser]]>
            </line>
          </reporter-output>
        </test-method> <!-- closeBrowser -->
        <test-method signature="launchBrowser()[pri:0, instance:practice_package.ClassTestBatchParrel@22e357dc]" started-at="2023-01-17T07:44:56 IST" name="launchBrowser" finished-at="2023-01-17T07:44:56 IST" duration-ms="1" status="PASS">
          <reporter-output>
            <line>
              <![CDATA[LaunchBrowser]]>
            </line>
          </reporter-output>
        </test-method> <!-- launchBrowser -->
      </class> <!-- practice_package.ClassTestBatchParrel -->
    </test> <!-- Test -->
  </suite> <!-- Suite -->
</testng-results>
