<?xml version="1.0" encoding="UTF-8"?>
<!-- Generated by org.testng.reporters.JUnitXMLReporter -->
<testsuite hostname="DESKTOP-QUK0TPO" ignored="2" name="TestDemo" tests="3" failures="0" timestamp="2023-01-16T03:53:10 IST" time="0.05" errors="0">
  <testcase name="Test02" time="0.01" classname="practice_package.GroupTesting"/>
  <testcase name="Test03" time="0.001" classname="practice_package.GroupTesting"/>
  <testcase name="Test04" time="0.0" classname="practice_package.GroupTesting"/>
  <testcase name="Test05" time="0.0" classname="practice_package.GroupTesting">
    <ignored/>
  </testcase> <!-- Test05 -->
  <testcase name="Test01" time="0.0" classname="practice_package.GroupTesting">
    <ignored/>
  </testcase> <!-- Test01 -->
</testsuite> <!-- TestDemo -->
