<?xml version="1.0" encoding="UTF-8"?>
<!-- Generated by org.testng.reporters.JUnitXMLReporter -->
<testsuite hostname="DESKTOP-QUK0TPO" ignored="0" name="Test01" tests="11" failures="0" timestamp="2023-01-10T22:10:16 IST" time="29.887" errors="0">
  <testcase name="addToCart" time="0.016" classname="practice_package.ClassTestBatchPrll"/>
  <testcase name="closeBrowser" time="0.015" classname="practice_package.ClassTestBatchPrll"/>
  <testcase name="Test01" time="4.263" classname="practice_package.ClassTestPrrlBatch"/>
  <testcase name="Test02" time="0.001" classname="practice_package.ClassTestPrrlBatch"/>
  <testcase name="Test03" time="3.143" classname="practice_package.ClassTestPrrlBatch"/>
  <testcase name="Test04" time="0.001" classname="practice_package.ClassTestPrrlBatch"/>
  <testcase name="launchBrowser" time="7.939" classname="practice_package.ClassTestBatchPrll"/>
  <testcase name="logOut" time="0.001" classname="practice_package.ClassTestBatchPrll"/>
  <testcase name="login" time="0.001" classname="practice_package.ClassTestBatchPrll"/>
  <testcase name="openBrowser" time="21.874" classname="practice_package.ClassTestBatchPrll"/>
  <testcase name="searchProduct" time="0.001" classname="practice_package.ClassTestBatchPrll"/>
</testsuite> <!-- Test01 -->
